Build started 11/14/2014 4:46:07 AM.
     1>Project "E:\MS IN COMPUTER ENG\Fall 2014 semester 2\ADS\Assignment3\Assignment3\Assignment3\Assignment3.vcxproj" on node 2 (Build target(s)).
     1>ClCompile:
         C:\Program Files (x86)\Microsoft Visual Studio 12.0\VC\bin\CL.exe /c /ZI /nologo /W3 /WX- /sdl /Od /Oy- /D _MBCS /Gm /EHsc /RTC1 /MDd /GS /fp:precise /Zc:wchar_t /Zc:forScope /Fo"Debug\\" /Fd"Debug\vc120.pdb" /Gd /TP /analyze- /errorReport:prompt HeapSort.cpp
         HeapSort.cpp
       Link:
         C:\Program Files (x86)\Microsoft Visual Studio 12.0\VC\bin\link.exe /ERRORREPORT:PROMPT /OUT:"E:\MS IN COMPUTER ENG\Fall 2014 semester 2\ADS\Assignment3\Assignment3\Debug\Assignment3.exe" /INCREMENTAL /NOLOGO kernel32.lib user32.lib gdi32.lib winspool.lib comdlg32.lib advapi32.lib shell32.lib ole32.lib oleaut32.lib uuid.lib odbc32.lib odbccp32.lib /MANIFEST /MANIFESTUAC:"level='asInvoker' uiAccess='false'" /manifest:embed /DEBUG /PDB:"E:\MS IN COMPUTER ENG\Fall 2014 semester 2\ADS\Assignment3\Assignment3\Debug\Assignment3.pdb" /TLBID:1 /DYNAMICBASE /NXCOMPAT /IMPLIB:"E:\MS IN COMPUTER ENG\Fall 2014 semester 2\ADS\Assignment3\Assignment3\Debug\Assignment3.lib" /MACHINE:X86 Debug\AbstractGrader.obj
         Debug\CircularList.obj
         Debug\Date.obj
         Debug\DoubleList03.obj
         Debug\DoubleNode03.obj
         Debug\Factory03.obj
         Debug\Grader03.obj
         Debug\HeapSort.obj
         Debug\KthMin.obj
         Debug\LinkedListSort.obj
         Debug\main.obj
         Debug\MergeSort.obj
         Debug\ObjectFactory.obj
         Debug\RadixSort.obj
         Debug\Random.obj
         Debug\RecordsSearch.obj
         Debug\RunningMedian.obj
         Debug\SingleNode03.obj
         Debug\SmoothSort.obj
         Debug\Stopwatch.obj
         Debug\UnixStopwatch.obj
         Debug\VectorDoubleSort.obj
         Debug\WindowsStopwatch.obj
         Assignment3.vcxproj -> E:\MS IN COMPUTER ENG\Fall 2014 semester 2\ADS\Assignment3\Assignment3\Debug\Assignment3.exe
     1>Done Building Project "E:\MS IN COMPUTER ENG\Fall 2014 semester 2\ADS\Assignment3\Assignment3\Assignment3\Assignment3.vcxproj" (Build target(s)).

Build succeeded.

Time Elapsed 00:00:00.77
